<?xml version="1.0" encoding="UTF-8"?>
<!-- Generated by org.testng.reporters.JUnitReportReporter -->
<testsuite hostname="LAPTOP-AI2V30RF" failures="0" tests="3" name="hybridTest.HybridEComTest" time="20.185" errors="0" timestamp="2022-09-09T22:09:51 IST" skipped="0">
  <testcase classname="hybridTest.HybridEComTest" name="verify_that_user_is_able_to_place_order_with_new_created_product" time="11.249"/>
  <system-out/>
  <testcase classname="hybridTest.HybridEComTest" name="verify_that_user_is_able_to_login_to_application_through_api_and_ui" time="3.467"/>
  <system-out/>
  <testcase classname="hybridTest.HybridEComTest" name="verify_that_get_all_products_names_are_equals_and_name_matches_with_api_response" time="5.469"/>
  <system-out/>
</testsuite> <!-- hybridTest.HybridEComTest -->
